#! /opt/homebrew/Cellar/icarus-verilog/12.0/bin/vvp
:ivl_version "12.0 (stable)";
:ivl_delay_selection "TYPICAL";
:vpi_time_precision - 12;
:vpi_module "/opt/homebrew/Cellar/icarus-verilog/12.0/lib/ivl/system.vpi";
:vpi_module "/opt/homebrew/Cellar/icarus-verilog/12.0/lib/ivl/vhdl_sys.vpi";
:vpi_module "/opt/homebrew/Cellar/icarus-verilog/12.0/lib/ivl/vhdl_textio.vpi";
:vpi_module "/opt/homebrew/Cellar/icarus-verilog/12.0/lib/ivl/v2005_math.vpi";
:vpi_module "/opt/homebrew/Cellar/icarus-verilog/12.0/lib/ivl/va_math.vpi";
S_0x137a04170 .scope module, "UART_Transmitter" "UART_Transmitter" 2 3;
 .timescale -9 -12;
    .port_info 0 /INPUT 1 "clk";
    .port_info 1 /INPUT 1 "rst";
    .port_info 2 /INPUT 1 "send";
    .port_info 3 /INPUT 8 "data";
    .port_info 4 /OUTPUT 1 "txd";
P_0x137a042e0 .param/l "STATE_IDLE" 0 2 11, C4<00>;
P_0x137a04320 .param/l "STATE_SEND_DATA" 0 2 13, C4<10>;
P_0x137a04360 .param/l "STATE_SEND_START_BIT" 0 2 12, C4<01>;
P_0x137a043a0 .param/l "STATE_SEND_STOP_BIT" 0 2 14, C4<11>;
o0x128008010 .functor BUFZ 1, C4<z>; HiZ drive
v0x137a046b0_0 .net "clk", 0 0, o0x128008010;  0 drivers
o0x128008040 .functor BUFZ 8, C4<zzzzzzzz>; HiZ drive
v0x137a14760_0 .net "data", 7 0, o0x128008040;  0 drivers
v0x137a14800_0 .var "data_reg", 7 0;
v0x137a148b0_0 .var "next_state", 1 0;
o0x1280080d0 .functor BUFZ 1, C4<z>; HiZ drive
v0x137a14960_0 .net "rst", 0 0, o0x1280080d0;  0 drivers
o0x128008100 .functor BUFZ 1, C4<z>; HiZ drive
v0x137a14a40_0 .net "send", 0 0, o0x128008100;  0 drivers
v0x137a14ae0_0 .var "send_prev", 0 0;
v0x137a14b80_0 .var "state_reg", 1 0;
v0x137a14c30_0 .var "txd", 0 0;
E_0x137a045e0 .event posedge, v0x137a14960_0, v0x137a046b0_0;
E_0x137a04640/0 .event anyedge, v0x137a14b80_0, v0x137a14a40_0, v0x137a14ae0_0, v0x137a14760_0;
E_0x137a04640/1 .event anyedge, v0x137a14800_0;
E_0x137a04640 .event/or E_0x137a04640/0, E_0x137a04640/1;
    .scope S_0x137a04170;
T_0 ;
    %pushi/vec4 0, 0, 2;
    %assign/vec4 v0x137a14b80_0, 0;
    %pushi/vec4 0, 0, 8;
    %assign/vec4 v0x137a14800_0, 0;
    %end;
    .thread T_0;
    .scope S_0x137a04170;
T_1 ;
    %wait E_0x137a045e0;
    %load/vec4 v0x137a14960_0;
    %flag_set/vec4 8;
    %jmp/0xz  T_1.0, 8;
    %pushi/vec4 0, 0, 2;
    %assign/vec4 v0x137a14b80_0, 0;
    %jmp T_1.1;
T_1.0 ;
    %load/vec4 v0x137a148b0_0;
    %assign/vec4 v0x137a14b80_0, 0;
T_1.1 ;
    %jmp T_1;
    .thread T_1;
    .scope S_0x137a04170;
T_2 ;
    %wait E_0x137a04640;
    %load/vec4 v0x137a14b80_0;
    %dup/vec4;
    %pushi/vec4 0, 0, 2;
    %cmp/u;
    %jmp/1 T_2.0, 6;
    %dup/vec4;
    %pushi/vec4 1, 0, 2;
    %cmp/u;
    %jmp/1 T_2.1, 6;
    %dup/vec4;
    %pushi/vec4 2, 0, 2;
    %cmp/u;
    %jmp/1 T_2.2, 6;
    %dup/vec4;
    %pushi/vec4 3, 0, 2;
    %cmp/u;
    %jmp/1 T_2.3, 6;
    %jmp T_2.4;
T_2.0 ;
    %load/vec4 v0x137a14a40_0;
    %flag_set/vec4 9;
    %flag_get/vec4 9;
    %jmp/0 T_2.7, 9;
    %load/vec4 v0x137a14ae0_0;
    %nor/r;
    %and;
T_2.7;
    %flag_set/vec4 8;
    %jmp/0xz  T_2.5, 8;
    %pushi/vec4 1, 0, 2;
    %store/vec4 v0x137a148b0_0, 0, 2;
    %load/vec4 v0x137a14760_0;
    %store/vec4 v0x137a14800_0, 0, 8;
    %jmp T_2.6;
T_2.5 ;
    %pushi/vec4 0, 0, 2;
    %store/vec4 v0x137a148b0_0, 0, 2;
T_2.6 ;
    %jmp T_2.4;
T_2.1 ;
    %pushi/vec4 2, 0, 2;
    %store/vec4 v0x137a148b0_0, 0, 2;
    %pushi/vec4 1, 0, 1;
    %store/vec4 v0x137a14c30_0, 0, 1;
    %jmp T_2.4;
T_2.2 ;
    %load/vec4 v0x137a14800_0;
    %cmpi/e 0, 0, 8;
    %jmp/0xz  T_2.8, 4;
    %pushi/vec4 3, 0, 2;
    %store/vec4 v0x137a148b0_0, 0, 2;
    %jmp T_2.9;
T_2.8 ;
    %pushi/vec4 2, 0, 2;
    %store/vec4 v0x137a148b0_0, 0, 2;
    %load/vec4 v0x137a14800_0;
    %parti/s 1, 0, 2;
    %store/vec4 v0x137a14c30_0, 0, 1;
    %load/vec4 v0x137a14800_0;
    %parti/s 7, 0, 2;
    %concati/vec4 0, 0, 1;
    %store/vec4 v0x137a14800_0, 0, 8;
T_2.9 ;
    %jmp T_2.4;
T_2.3 ;
    %pushi/vec4 0, 0, 2;
    %store/vec4 v0x137a148b0_0, 0, 2;
    %pushi/vec4 0, 0, 1;
    %store/vec4 v0x137a14c30_0, 0, 1;
    %jmp T_2.4;
T_2.4 ;
    %pop/vec4 1;
    %jmp T_2;
    .thread T_2, $push;
    .scope S_0x137a04170;
T_3 ;
    %wait E_0x137a045e0;
    %load/vec4 v0x137a14960_0;
    %flag_set/vec4 8;
    %jmp/0xz  T_3.0, 8;
    %pushi/vec4 0, 0, 1;
    %assign/vec4 v0x137a14ae0_0, 0;
    %jmp T_3.1;
T_3.0 ;
    %load/vec4 v0x137a14a40_0;
    %assign/vec4 v0x137a14ae0_0, 0;
T_3.1 ;
    %jmp T_3;
    .thread T_3;
# The file index is used to find the file name in the following table.
:file_names 3;
    "N/A";
    "<interactive>";
    "state_machine.v";
